<?xml version="1.0" encoding="UTF-8"?>
<testng-results ignored="0" total="1" passed="1" failed="0" skipped="0">
  <reporter-output>
  </reporter-output>
  <suite started-at="2024-12-08T18:36:51 IST" name="Default suite" finished-at="2024-12-08T18:36:56 IST" duration-ms="4391">
    <groups>
    </groups>
    <test started-at="2024-12-08T18:36:51 IST" name="Default test" finished-at="2024-12-08T18:36:56 IST" duration-ms="4391">
      <class name="testcases.DropdownTest">
        <test-method is-config="true" signature="setup()[pri:0, instance:testcases.DropdownTest@793be5ca]" started-at="2024-12-08T18:36:40 IST" name="setup" finished-at="2024-12-08T18:36:51 IST" duration-ms="11233" status="PASS">
          <reporter-output>
          </reporter-output>
        </test-method> <!-- setup -->
        <test-method signature="dropdownhandle()[pri:0, instance:testcases.DropdownTest@793be5ca]" started-at="2024-12-08T18:36:51 IST" name="dropdownhandle" finished-at="2024-12-08T18:36:56 IST" duration-ms="4297" status="PASS">
          <reporter-output>
          </reporter-output>
        </test-method> <!-- dropdownhandle -->
        <test-method is-config="true" signature="tearout()[pri:0, instance:testcases.DropdownTest@793be5ca]" started-at="2024-12-08T18:36:56 IST" name="tearout" finished-at="2024-12-08T18:36:56 IST" duration-ms="0" status="PASS">
          <reporter-output>
          </reporter-output>
        </test-method> <!-- tearout -->
      </class> <!-- testcases.DropdownTest -->
    </test> <!-- Default test -->
  </suite> <!-- Default suite -->
</testng-results>
