<?xml version="1.0" encoding="UTF-8"?>
<testng-results ignored="0" total="2" passed="2" failed="0" skipped="0">
  <reporter-output>
  </reporter-output>
  <suite started-at="2024-12-27T14:18:45 IST" name="Suite" finished-at="2024-12-27T14:19:19 IST" duration-ms="34081">
    <groups>
    </groups>
    <test started-at="2024-12-27T14:18:45 IST" name="chromeTest" finished-at="2024-12-27T14:19:18 IST" duration-ms="33192">
      <class name="testcases.GuielementsTest">
        <test-method is-config="true" signature="setup(java.lang.String)[pri:0, instance:testcases.GuielementsTest@5149d738]" started-at="2024-12-27T14:18:45 IST" name="setup" finished-at="2024-12-27T14:18:59 IST" duration-ms="14510" status="PASS">
          <params>
            <param index="0">
              <value>
                <![CDATA[chrome]]>
              </value>
            </param>
          </params>
          <reporter-output>
          </reporter-output>
        </test-method> <!-- setup -->
        <test-method signature="guielements()[pri:0, instance:testcases.GuielementsTest@5149d738]" started-at="2024-12-27T14:19:00 IST" name="guielements" finished-at="2024-12-27T14:19:16 IST" duration-ms="16450" status="PASS">
          <reporter-output>
          </reporter-output>
        </test-method> <!-- guielements -->
        <test-method is-config="true" signature="tearout()[pri:0, instance:testcases.GuielementsTest@5149d738]" started-at="2024-12-27T14:19:16 IST" name="tearout" finished-at="2024-12-27T14:19:18 IST" duration-ms="2127" status="PASS">
          <reporter-output>
          </reporter-output>
        </test-method> <!-- tearout -->
      </class> <!-- testcases.GuielementsTest -->
    </test> <!-- chromeTest -->
    <test started-at="2024-12-27T14:18:45 IST" name="edgeTest" finished-at="2024-12-27T14:19:19 IST" duration-ms="34081">
      <class name="testcases.GuielementsTest">
        <test-method is-config="true" signature="setup(java.lang.String)[pri:0, instance:testcases.GuielementsTest@d86a6f]" started-at="2024-12-27T14:18:45 IST" name="setup" finished-at="2024-12-27T14:19:06 IST" duration-ms="21181" status="PASS">
          <params>
            <param index="0">
              <value>
                <![CDATA[edge]]>
              </value>
            </param>
          </params>
          <reporter-output>
          </reporter-output>
        </test-method> <!-- setup -->
        <test-method signature="guielements()[pri:0, instance:testcases.GuielementsTest@d86a6f]" started-at="2024-12-27T14:19:06 IST" name="guielements" finished-at="2024-12-27T14:19:14 IST" duration-ms="8158" status="PASS">
          <reporter-output>
          </reporter-output>
        </test-method> <!-- guielements -->
        <test-method is-config="true" signature="tearout()[pri:0, instance:testcases.GuielementsTest@d86a6f]" started-at="2024-12-27T14:19:14 IST" name="tearout" finished-at="2024-12-27T14:19:19 IST" duration-ms="4658" status="PASS">
          <reporter-output>
          </reporter-output>
        </test-method> <!-- tearout -->
      </class> <!-- testcases.GuielementsTest -->
    </test> <!-- edgeTest -->
  </suite> <!-- Suite -->
</testng-results>
